Traceback (most recent call last):
  File "/Users/alexanderbunger/miniforge3/envs/jubook38/lib/python3.9/site-packages/jupyter_cache/executors/utils.py", line 51, in single_nb_execution
    executenb(
  File "/Users/alexanderbunger/miniforge3/envs/jubook38/lib/python3.9/site-packages/nbclient/client.py", line 1117, in execute
    return NotebookClient(nb=nb, resources=resources, km=km, **kwargs).execute()
  File "/Users/alexanderbunger/miniforge3/envs/jubook38/lib/python3.9/site-packages/nbclient/util.py", line 78, in wrapped
    return just_run(coro(*args, **kwargs))
  File "/Users/alexanderbunger/miniforge3/envs/jubook38/lib/python3.9/site-packages/nbclient/util.py", line 57, in just_run
    return loop.run_until_complete(coro)
  File "/Users/alexanderbunger/miniforge3/envs/jubook38/lib/python3.9/asyncio/base_events.py", line 642, in run_until_complete
    return future.result()
  File "/Users/alexanderbunger/miniforge3/envs/jubook38/lib/python3.9/site-packages/nbclient/client.py", line 558, in async_execute
    await self.async_execute_cell(
  File "/Users/alexanderbunger/miniforge3/envs/jubook38/lib/python3.9/site-packages/nbclient/client.py", line 862, in async_execute_cell
    self._check_raise_for_error(cell, exec_reply)
  File "/Users/alexanderbunger/miniforge3/envs/jubook38/lib/python3.9/site-packages/nbclient/client.py", line 765, in _check_raise_for_error
    raise CellExecutionError.from_cell_and_msg(cell, exec_reply_content)
nbclient.exceptions.CellExecutionError: An error occurred while executing the following cell:
------------------
display(Audio(impulse_signal, rate=samplerate))
------------------

[0;31m---------------------------------------------------------------------------[0m
[0;31mNameError[0m                                 Traceback (most recent call last)
[0;32m/var/folders/tj/gk294fr543j015cdxm4lvjsm0000gn/T/ipykernel_51533/2247649195.py[0m in [0;36m<module>[0;34m[0m
[0;32m----> 1[0;31m [0mdisplay[0m[0;34m([0m[0mAudio[0m[0;34m([0m[0mimpulse_signal[0m[0;34m,[0m [0mrate[0m[0;34m=[0m[0msamplerate[0m[0;34m)[0m[0;34m)[0m[0;34m[0m[0;34m[0m[0m
[0m
[0;31mNameError[0m: name 'samplerate' is not defined
NameError: name 'samplerate' is not defined

